============================================
  GPU NODE POST - computeinstance-e00j6d8xr8ma3pb4bj
  2026-04-02 06:25:08 UTC
============================================

=== SYSTEM ===
Hostname: computeinstance-e00j6d8xr8ma3pb4bj
Kernel: 5.15.0-170-generic
Uptime:  06:25:08 up 6 min,  0 users,  load average: 0.35, 0.47, 0.27
CPU: Intel(R) Xeon(R) Platinum 8468
Cores: 128
Memory: 1.5Ti

=== NVIDIA DRIVER ===

==============NVSMI LOG==============

Timestamp                                 : Thu Apr  2 06:25:08 2026
Driver Version                            : 550.163.01

=== GPU INVENTORY ===
GPU 0: NVIDIA H200 (UUID: GPU-daa4ab6b-12da-2441-10d3-353c9ac09db4)
GPU 1: NVIDIA H200 (UUID: GPU-70f23feb-380e-a4eb-4dba-c4a8df72f2a8)
GPU 2: NVIDIA H200 (UUID: GPU-5c7a25a7-db36-0b9e-8690-1e48a554c864)
GPU 3: NVIDIA H200 (UUID: GPU-ef367a35-0568-3e3d-5b6d-54d12ba656b4)
GPU 4: NVIDIA H200 (UUID: GPU-f2622acf-9cbf-57dc-aac4-5c9ee1cc8564)
GPU 5: NVIDIA H200 (UUID: GPU-8cb37f3f-2d38-54b2-b0d0-e73f3c39cf89)
GPU 6: NVIDIA H200 (UUID: GPU-365d1efb-44eb-47e8-69bd-ac1c190a41d5)
GPU 7: NVIDIA H200 (UUID: GPU-346e440c-97a8-e5d6-cf92-f11aad76f31f)

=== GPU HEALTH ===
    Product Name                          : NVIDIA H200
    Serial Number                         : 1653924051228
    GPU UUID                              : GPU-daa4ab6b-12da-2441-10d3-353c9ac09db4
    ECC Mode
    Retired Pages
    Temperature
        GPU Target Temperature            : N/A
        Average Power Draw                : 78.60 W
        Instantaneous Power Draw          : 78.86 W
        Current Power Limit               : 700.00 W
        Requested Power Limit             : 700.00 W
        Default Power Limit               : 700.00 W
        Min Power Limit                   : 200.00 W
        Max Power Limit                   : 700.00 W
        Average Power Draw                : 45.08 W
        Instantaneous Power Draw          : N/A
        Average Power Draw                : N/A
        Instantaneous Power Draw          : N/A
        Current Power Limit               : N/A
        Requested Power Limit             : N/A
        Default Power Limit               : N/A
        Min Power Limit                   : N/A
        Max Power Limit                   : N/A
    Product Name                          : NVIDIA H200
    Serial Number                         : 1653824197314
    GPU UUID                              : GPU-70f23feb-380e-a4eb-4dba-c4a8df72f2a8
    ECC Mode
    Retired Pages
    Temperature
        GPU Target Temperature            : N/A
        Average Power Draw                : 77.33 W
        Instantaneous Power Draw          : 77.48 W
        Current Power Limit               : 700.00 W
        Requested Power Limit             : 700.00 W
        Default Power Limit               : 700.00 W
        Min Power Limit                   : 200.00 W
        Max Power Limit                   : 700.00 W
        Average Power Draw                : 29.54 W
        Instantaneous Power Draw          : N/A
        Average Power Draw                : N/A
        Instantaneous Power Draw          : N/A
        Current Power Limit               : N/A
        Requested Power Limit             : N/A
        Default Power Limit               : N/A
        Min Power Limit                   : N/A
        Max Power Limit                   : N/A
    Product Name                          : NVIDIA H200
    Serial Number                         : 1653824200313
    GPU UUID                              : GPU-5c7a25a7-db36-0b9e-8690-1e48a554c864
    ECC Mode
    Retired Pages
    Temperature
        GPU Target Temperature            : N/A
        Average Power Draw                : 77.78 W
        Instantaneous Power Draw          : 78.94 W
        Current Power Limit               : 700.00 W
        Requested Power Limit             : 700.00 W
        Default Power Limit               : 700.00 W
        Min Power Limit                   : 200.00 W
        Max Power Limit                   : 700.00 W
        Average Power Draw                : 47.49 W
        Instantaneous Power Draw          : N/A
        Average Power Draw                : N/A
        Instantaneous Power Draw          : N/A
        Current Power Limit               : N/A
        Requested Power Limit             : N/A
        Default Power Limit               : N/A
        Min Power Limit                   : N/A
        Max Power Limit                   : N/A
    Product Name                          : NVIDIA H200
    Serial Number                         : 1653824200316
    GPU UUID                              : GPU-ef367a35-0568-3e3d-5b6d-54d12ba656b4
    ECC Mode
    Retired Pages
    Temperature
        GPU Target Temperature            : N/A
        Average Power Draw                : 76.97 W
        Instantaneous Power Draw          : 76.93 W
        Current Power Limit               : 700.00 W
        Requested Power Limit             : 700.00 W

=== GPU CLOCKS ===
==============NVSMI LOG==============
Attached GPUs                             : 8
GPU 00000000:8D:00.0
        Graphics                          : 345 MHz
        SM                                : 345 MHz
        Memory                            : 3199 MHz
        Video                             : 765 MHz
        Graphics                          : 1980 MHz
        Memory                            : 3201 MHz
        Graphics                          : 1980 MHz
        Memory                            : 3201 MHz
        Memory                            : N/A
        Graphics                          : 1980 MHz
        SM                                : 1980 MHz
        Memory                            : 3201 MHz
        Video                             : 1545 MHz
        Graphics                          : 1980 MHz
    SM Clock Samples
    Memory Clock Samples
GPU 00000000:91:00.0
        Graphics                          : 345 MHz
        SM                                : 345 MHz
        Memory                            : 3199 MHz
        Video                             : 765 MHz
        Graphics                          : 1980 MHz
        Memory                            : 3201 MHz
        Graphics                          : 1980 MHz
        Memory                            : 3201 MHz
        Memory                            : N/A
        Graphics                          : 1980 MHz
        SM                                : 1980 MHz
        Memory                            : 3201 MHz
        Video                             : 1545 MHz
        Graphics                          : 1980 MHz
    SM Clock Samples
    Memory Clock Samples
GPU 00000000:95:00.0
        Graphics                          : 345 MHz
        SM                                : 345 MHz
        Memory                            : 3199 MHz

=== ECC ERRORS ===
--- GPU 0 ---
        Volatile
        Aggregate
        Aggregate Uncorrectable SRAM Sources
--- GPU 1 ---
        Volatile
        Aggregate
        Aggregate Uncorrectable SRAM Sources
--- GPU 2 ---
        Volatile
        Aggregate
        Aggregate Uncorrectable SRAM Sources
--- GPU 3 ---
        Volatile
        Aggregate
        Aggregate Uncorrectable SRAM Sources
--- GPU 4 ---
        Volatile
        Aggregate
        Aggregate Uncorrectable SRAM Sources
--- GPU 5 ---
        Volatile
        Aggregate
        Aggregate Uncorrectable SRAM Sources
--- GPU 6 ---
        Volatile
        Aggregate
        Aggregate Uncorrectable SRAM Sources
--- GPU 7 ---
        Volatile
        Aggregate
        Aggregate Uncorrectable SRAM Sources

=== PCIE LINK ===
--- GPU 0 ---
            Link Width
--- GPU 1 ---
            Link Width
--- GPU 2 ---
            Link Width
--- GPU 3 ---
            Link Width
--- GPU 4 ---
            Link Width
--- GPU 5 ---
            Link Width
--- GPU 6 ---
            Link Width
--- GPU 7 ---
            Link Width

=== NVLINK STATUS ===
GPU 0: NVIDIA H200 (UUID: GPU-daa4ab6b-12da-2441-10d3-353c9ac09db4)
	 Link 0: 26.562 GB/s
	 Link 1: 26.562 GB/s
	 Link 2: 26.562 GB/s
	 Link 3: 26.562 GB/s
	 Link 4: 26.562 GB/s
	 Link 5: 26.562 GB/s
	 Link 6: 26.562 GB/s
	 Link 7: 26.562 GB/s
	 Link 8: 26.562 GB/s
	 Link 9: 26.562 GB/s
	 Link 10: 26.562 GB/s
	 Link 11: 26.562 GB/s
	 Link 12: 26.562 GB/s
	 Link 13: 26.562 GB/s
	 Link 14: 26.562 GB/s
	 Link 15: 26.562 GB/s
	 Link 16: 26.562 GB/s
	 Link 17: 26.562 GB/s
GPU 1: NVIDIA H200 (UUID: GPU-70f23feb-380e-a4eb-4dba-c4a8df72f2a8)
	 Link 0: 26.562 GB/s
	 Link 1: 26.562 GB/s
	 Link 2: 26.562 GB/s
	 Link 3: 26.562 GB/s
	 Link 4: 26.562 GB/s
	 Link 5: 26.562 GB/s
	 Link 6: 26.562 GB/s
	 Link 7: 26.562 GB/s
	 Link 8: 26.562 GB/s
	 Link 9: 26.562 GB/s
	 Link 10: 26.562 GB/s
	 Link 11: 26.562 GB/s
	 Link 12: 26.562 GB/s
	 Link 13: 26.562 GB/s
	 Link 14: 26.562 GB/s
	 Link 15: 26.562 GB/s
	 Link 16: 26.562 GB/s
	 Link 17: 26.562 GB/s
GPU 2: NVIDIA H200 (UUID: GPU-5c7a25a7-db36-0b9e-8690-1e48a554c864)
	 Link 0: 26.562 GB/s
	 Link 1: 26.562 GB/s
	 Link 2: 26.562 GB/s
	 Link 3: 26.562 GB/s
	 Link 4: 26.562 GB/s
	 Link 5: 26.562 GB/s
	 Link 6: 26.562 GB/s
	 Link 7: 26.562 GB/s
	 Link 8: 26.562 GB/s
	 Link 9: 26.562 GB/s
	 Link 10: 26.562 GB/s
	 Link 11: 26.562 GB/s
	 Link 12: 26.562 GB/s
	 Link 13: 26.562 GB/s
	 Link 14: 26.562 GB/s
	 Link 15: 26.562 GB/s
	 Link 16: 26.562 GB/s
	 Link 17: 26.562 GB/s
GPU 3: NVIDIA H200 (UUID: GPU-ef367a35-0568-3e3d-5b6d-54d12ba656b4)
	 Link 0: 26.562 GB/s
	 Link 1: 26.562 GB/s
	 Link 2: 26.562 GB/s
	 Link 3: 26.562 GB/s
	 Link 4: 26.562 GB/s
	 Link 5: 26.562 GB/s
	 Link 6: 26.562 GB/s
	 Link 7: 26.562 GB/s
	 Link 8: 26.562 GB/s
	 Link 9: 26.562 GB/s
	 Link 10: 26.562 GB/s
	 Link 11: 26.562 GB/s
	 Link 12: 26.562 GB/s
	 Link 13: 26.562 GB/s
	 Link 14: 26.562 GB/s
	 Link 15: 26.562 GB/s
	 Link 16: 26.562 GB/s
	 Link 17: 26.562 GB/s
GPU 4: NVIDIA H200 (UUID: GPU-f2622acf-9cbf-57dc-aac4-5c9ee1cc8564)
	 Link 0: 26.562 GB/s
	 Link 1: 26.562 GB/s
	 Link 2: 26.562 GB/s
	 Link 3: 26.562 GB/s
	 Link 4: 26.562 GB/s
	 Link 5: 26.562 GB/s
	 Link 6: 26.562 GB/s
	 Link 7: 26.562 GB/s
	 Link 8: 26.562 GB/s
	 Link 9: 26.562 GB/s
	 Link 10: 26.562 GB/s
	 Link 11: 26.562 GB/s
	 Link 12: 26.562 GB/s
	 Link 13: 26.562 GB/s
	 Link 14: 26.562 GB/s
	 Link 15: 26.562 GB/s
	 Link 16: 26.562 GB/s
	 Link 17: 26.562 GB/s
GPU 5: NVIDIA H200 (UUID: GPU-8cb37f3f-2d38-54b2-b0d0-e73f3c39cf89)
	 Link 0: 26.562 GB/s
	 Link 1: 26.562 GB/s
	 Link 2: 26.562 GB/s
	 Link 3: 26.562 GB/s
	 Link 4: 26.562 GB/s
	 Link 5: 26.562 GB/s
	 Link 6: 26.562 GB/s
	 Link 7: 26.562 GB/s
	 Link 8: 26.562 GB/s
	 Link 9: 26.562 GB/s
	 Link 10: 26.562 GB/s
	 Link 11: 26.562 GB/s
	 Link 12: 26.562 GB/s
	 Link 13: 26.562 GB/s
	 Link 14: 26.562 GB/s
	 Link 15: 26.562 GB/s
	 Link 16: 26.562 GB/s
	 Link 17: 26.562 GB/s
GPU 6: NVIDIA H200 (UUID: GPU-365d1efb-44eb-47e8-69bd-ac1c190a41d5)
	 Link 0: 26.562 GB/s
	 Link 1: 26.562 GB/s
	 Link 2: 26.562 GB/s
	 Link 3: 26.562 GB/s
	 Link 4: 26.562 GB/s
	 Link 5: 26.562 GB/s
	 Link 6: 26.562 GB/s
	 Link 7: 26.562 GB/s
	 Link 8: 26.562 GB/s
	 Link 9: 26.562 GB/s
	 Link 10: 26.562 GB/s
	 Link 11: 26.562 GB/s
	 Link 12: 26.562 GB/s
	 Link 13: 26.562 GB/s
	 Link 14: 26.562 GB/s
	 Link 15: 26.562 GB/s
	 Link 16: 26.562 GB/s
	 Link 17: 26.562 GB/s
GPU 7: NVIDIA H200 (UUID: GPU-346e440c-97a8-e5d6-cf92-f11aad76f31f)
	 Link 0: 26.562 GB/s
	 Link 1: 26.562 GB/s
	 Link 2: 26.562 GB/s
	 Link 3: 26.562 GB/s
	 Link 4: 26.562 GB/s
	 Link 5: 26.562 GB/s
	 Link 6: 26.562 GB/s
	 Link 7: 26.562 GB/s
	 Link 8: 26.562 GB/s
	 Link 9: 26.562 GB/s
	 Link 10: 26.562 GB/s
	 Link 11: 26.562 GB/s
	 Link 12: 26.562 GB/s
	 Link 13: 26.562 GB/s
	 Link 14: 26.562 GB/s
	 Link 15: 26.562 GB/s
	 Link 16: 26.562 GB/s
	 Link 17: 26.562 GB/s

=== NVLINK ERRORS ===
GPU 0: NVIDIA H200 (UUID: GPU-daa4ab6b-12da-2441-10d3-353c9ac09db4)
	 Link 0: Replay Errors: 0
	 Link 0: Recovery Errors: 0
	 Link 0: CRC Errors: 0

	 Link 1: Replay Errors: 0
	 Link 1: Recovery Errors: 0
	 Link 1: CRC Errors: 0

	 Link 2: Replay Errors: 0
	 Link 2: Recovery Errors: 0
	 Link 2: CRC Errors: 0

	 Link 3: Replay Errors: 0
	 Link 3: Recovery Errors: 0
	 Link 3: CRC Errors: 0

	 Link 4: Replay Errors: 0
	 Link 4: Recovery Errors: 0
	 Link 4: CRC Errors: 0

	 Link 5: Replay Errors: 0
	 Link 5: Recovery Errors: 0
	 Link 5: CRC Errors: 0

	 Link 6: Replay Errors: 0
	 Link 6: Recovery Errors: 0
	 Link 6: CRC Errors: 0

	 Link 7: Replay Errors: 0
	 Link 7: Recovery Errors: 0
	 Link 7: CRC Errors: 0

	 Link 8: Replay Errors: 0
	 Link 8: Recovery Errors: 0
	 Link 8: CRC Errors: 0

	 Link 9: Replay Errors: 0
	 Link 9: Recovery Errors: 0
	 Link 9: CRC Errors: 0

	 Link 10: Replay Errors: 0
	 Link 10: Recovery Errors: 0
	 Link 10: CRC Errors: 0

	 Link 11: Replay Errors: 0
	 Link 11: Recovery Errors: 0
	 Link 11: CRC Errors: 0

	 Link 12: Replay Errors: 0
	 Link 12: Recovery Errors: 0
	 Link 12: CRC Errors: 0

	 Link 13: Replay Errors: 0
	 Link 13: Recovery Errors: 0
	 Link 13: CRC Errors: 0

	 Link 14: Replay Errors: 0
	 Link 14: Recovery Errors: 0
	 Link 14: CRC Errors: 0

	 Link 15: Replay Errors: 0
	 Link 15: Recovery Errors: 0
	 Link 15: CRC Errors: 0

	 Link 16: Replay Errors: 0
	 Link 16: Recovery Errors: 0
	 Link 16: CRC Errors: 0

	 Link 17: Replay Errors: 0
	 Link 17: Recovery Errors: 0
	 Link 17: CRC Errors: 0

GPU 1: NVIDIA H200 (UUID: GPU-70f23feb-380e-a4eb-4dba-c4a8df72f2a8)
	 Link 0: Replay Errors: 0
	 Link 0: Recovery Errors: 0
	 Link 0: CRC Errors: 0

	 Link 1: Replay Errors: 0
	 Link 1: Recovery Errors: 0
	 Link 1: CRC Errors: 0

	 Link 2: Replay Errors: 0
	 Link 2: Recovery Errors: 0
	 Link 2: CRC Errors: 0

	 Link 3: Replay Errors: 0
	 Link 3: Recovery Errors: 0
	 Link 3: CRC Errors: 0

	 Link 4: Replay Errors: 0
	 Link 4: Recovery Errors: 0
	 Link 4: CRC Errors: 0

	 Link 5: Replay Errors: 0
	 Link 5: Recovery Errors: 0
	 Link 5: CRC Errors: 0

	 Link 6: Replay Errors: 0
	 Link 6: Recovery Errors: 0
	 Link 6: CRC Errors: 0

	 Link 7: Replay Errors: 0
	 Link 7: Recovery Errors: 0
	 Link 7: CRC Errors: 0

	 Link 8: Replay Errors: 0
	 Link 8: Recovery Errors: 0
	 Link 8: CRC Errors: 0

	 Link 9: Replay Errors: 0
	 Link 9: Recovery Errors: 0
	 Link 9: CRC Errors: 0

	 Link 10: Replay Errors: 0
	 Link 10: Recovery Errors: 0
	 Link 10: CRC Errors: 0

	 Link 11: Replay Errors: 0
	 Link 11: Recovery Errors: 0
	 Link 11: CRC Errors: 0

	 Link 12: Replay Errors: 0
	 Link 12: Recovery Errors: 0
	 Link 12: CRC Errors: 0

	 Link 13: Replay Errors: 0
	 Link 13: Recovery Errors: 0
	 Link 13: CRC Errors: 0

	 Link 14: Replay Errors: 0
	 Link 14: Recovery Errors: 0
	 Link 14: CRC Errors: 0

	 Link 15: Replay Errors: 0
	 Link 15: Recovery Errors: 0
	 Link 15: CRC Errors: 0

	 Link 16: Replay Errors: 0
	 Link 16: Recovery Errors: 0
	 Link 16: CRC Errors: 0

	 Link 17: Replay Errors: 0
	 Link 17: Recovery Errors: 0
	 Link 17: CRC Errors: 0

GPU 2: NVIDIA H200 (UUID: GPU-5c7a25a7-db36-0b9e-8690-1e48a554c864)
	 Link 0: Replay Errors: 0
	 Link 0: Recovery Errors: 0
	 Link 0: CRC Errors: 0

	 Link 1: Replay Errors: 0
	 Link 1: Recovery Errors: 0
	 Link 1: CRC Errors: 0

	 Link 2: Replay Errors: 0
	 Link 2: Recovery Errors: 0
	 Link 2: CRC Errors: 0

	 Link 3: Replay Errors: 0
	 Link 3: Recovery Errors: 0
	 Link 3: CRC Errors: 0

	 Link 4: Replay Errors: 0
	 Link 4: Recovery Errors: 0
	 Link 4: CRC Errors: 0

	 Link 5: Replay Errors: 0
	 Link 5: Recovery Errors: 0
	 Link 5: CRC Errors: 0

	 Link 6: Replay Errors: 0
	 Link 6: Recovery Errors: 0
	 Link 6: CRC Errors: 0

	 Link 7: Replay Errors: 0
	 Link 7: Recovery Errors: 0
	 Link 7: CRC Errors: 0

	 Link 8: Replay Errors: 0
	 Link 8: Recovery Errors: 0
	 Link 8: CRC Errors: 0

	 Link 9: Replay Errors: 0
	 Link 9: Recovery Errors: 0
	 Link 9: CRC Errors: 0

	 Link 10: Replay Errors: 0
	 Link 10: Recovery Errors: 0
	 Link 10: CRC Errors: 0

	 Link 11: Replay Errors: 0
	 Link 11: Recovery Errors: 0
	 Link 11: CRC Errors: 0

	 Link 12: Replay Errors: 0
	 Link 12: Recovery Errors: 0
	 Link 12: CRC Errors: 0

	 Link 13: Replay Errors: 0
	 Link 13: Recovery Errors: 0
	 Link 13: CRC Errors: 0

	 Link 14: Replay Errors: 0
	 Link 14: Recovery Errors: 0
	 Link 14: CRC Errors: 0

	 Link 15: Replay Errors: 0
	 Link 15: Recovery Errors: 0
	 Link 15: CRC Errors: 0

	 Link 16: Replay Errors: 0
	 Link 16: Recovery Errors: 0
	 Link 16: CRC Errors: 0

	 Link 17: Replay Errors: 0
	 Link 17: Recovery Errors: 0
	 Link 17: CRC Errors: 0

GPU 3: NVIDIA H200 (UUID: GPU-ef367a35-0568-3e3d-5b6d-54d12ba656b4)
	 Link 0: Replay Errors: 0
	 Link 0: Recovery Errors: 0
	 Link 0: CRC Errors: 0

	 Link 1: Replay Errors: 0
	 Link 1: Recovery Errors: 0
	 Link 1: CRC Errors: 0

	 Link 2: Replay Errors: 0
	 Link 2: Recovery Errors: 0
	 Link 2: CRC Errors: 0

	 Link 3: Replay Errors: 0
	 Link 3: Recovery Errors: 0
	 Link 3: CRC Errors: 0

	 Link 4: Replay Errors: 0
	 Link 4: Recovery Errors: 0
	 Link 4: CRC Errors: 0

	 Link 5: Replay Errors: 0
	 Link 5: Recovery Errors: 0
	 Link 5: CRC Errors: 0

	 Link 6: Replay Errors: 0
	 Link 6: Recovery Errors: 0
	 Link 6: CRC Errors: 0

	 Link 7: Replay Errors: 0
	 Link 7: Recovery Errors: 0
	 Link 7: CRC Errors: 0

	 Link 8: Replay Errors: 0
	 Link 8: Recovery Errors: 0
	 Link 8: CRC Errors: 0

	 Link 9: Replay Errors: 0
	 Link 9: Recovery Errors: 0
	 Link 9: CRC Errors: 0

	 Link 10: Replay Errors: 0
	 Link 10: Recovery Errors: 0
	 Link 10: CRC Errors: 0

	 Link 11: Replay Errors: 0
	 Link 11: Recovery Errors: 0
	 Link 11: CRC Errors: 0

	 Link 12: Replay Errors: 0
	 Link 12: Recovery Errors: 0
	 Link 12: CRC Errors: 0

	 Link 13: Replay Errors: 0
	 Link 13: Recovery Errors: 0
	 Link 13: CRC Errors: 0

	 Link 14: Replay Errors: 0
	 Link 14: Recovery Errors: 0
	 Link 14: CRC Errors: 0

	 Link 15: Replay Errors: 0
	 Link 15: Recovery Errors: 0
	 Link 15: CRC Errors: 0

	 Link 16: Replay Errors: 0
	 Link 16: Recovery Errors: 0
	 Link 16: CRC Errors: 0

	 Link 17: Replay Errors: 0
	 Link 17: Recovery Errors: 0
	 Link 17: CRC Errors: 0

GPU 4: NVIDIA H200 (UUID: GPU-f2622acf-9cbf-57dc-aac4-5c9ee1cc8564)
	 Link 0: Replay Errors: 0
	 Link 0: Recovery Errors: 0
	 Link 0: CRC Errors: 0

	 Link 1: Replay Errors: 0
	 Link 1: Recovery Errors: 0
	 Link 1: CRC Errors: 0

	 Link 2: Replay Errors: 0
	 Link 2: Recovery Errors: 0
	 Link 2: CRC Errors: 0

	 Link 3: Replay Errors: 0
	 Link 3: Recovery Errors: 0
	 Link 3: CRC Errors: 0

	 Link 4: Replay Errors: 0
	 Link 4: Recovery Errors: 0
	 Link 4: CRC Errors: 0

	 Link 5: Replay Errors: 0
	 Link 5: Recovery Errors: 0
	 Link 5: CRC Errors: 0

	 Link 6: Replay Errors: 0
	 Link 6: Recovery Errors: 0
	 Link 6: CRC Errors: 0

	 Link 7: Replay Errors: 0
	 Link 7: Recovery Errors: 0
	 Link 7: CRC Errors: 0

	 Link 8: Replay Errors: 0
	 Link 8: Recovery Errors: 0
	 Link 8: CRC Errors: 0

	 Link 9: Replay Errors: 0
	 Link 9: Recovery Errors: 0
	 Link 9: CRC Errors: 0

	 Link 10: Replay Errors: 0
	 Link 10: Recovery Errors: 0
	 Link 10: CRC Errors: 0

	 Link 11: Replay Errors: 0
	 Link 11: Recovery Errors: 0
	 Link 11: CRC Errors: 0

	 Link 12: Replay Errors: 0
	 Link 12: Recovery Errors: 0
	 Link 12: CRC Errors: 0

	 Link 13: Replay Errors: 0
	 Link 13: Recovery Errors: 0
	 Link 13: CRC Errors: 0

	 Link 14: Replay Errors: 0
	 Link 14: Recovery Errors: 0
	 Link 14: CRC Errors: 0

	 Link 15: Replay Errors: 0
	 Link 15: Recovery Errors: 0
	 Link 15: CRC Errors: 0

	 Link 16: Replay Errors: 0
	 Link 16: Recovery Errors: 0
	 Link 16: CRC Errors: 0

	 Link 17: Replay Errors: 0
	 Link 17: Recovery Errors: 0
	 Link 17: CRC Errors: 0

GPU 5: NVIDIA H200 (UUID: GPU-8cb37f3f-2d38-54b2-b0d0-e73f3c39cf89)
	 Link 0: Replay Errors: 0
	 Link 0: Recovery Errors: 0
	 Link 0: CRC Errors: 0

	 Link 1: Replay Errors: 0
	 Link 1: Recovery Errors: 0
	 Link 1: CRC Errors: 0

	 Link 2: Replay Errors: 0
	 Link 2: Recovery Errors: 0
	 Link 2: CRC Errors: 0

	 Link 3: Replay Errors: 0
	 Link 3: Recovery Errors: 0
	 Link 3: CRC Errors: 0

	 Link 4: Replay Errors: 0
	 Link 4: Recovery Errors: 0
	 Link 4: CRC Errors: 0

	 Link 5: Replay Errors: 0
	 Link 5: Recovery Errors: 0
	 Link 5: CRC Errors: 0

	 Link 6: Replay Errors: 0
	 Link 6: Recovery Errors: 0
	 Link 6: CRC Errors: 0

	 Link 7: Replay Errors: 0
	 Link 7: Recovery Errors: 0
	 Link 7: CRC Errors: 0

	 Link 8: Replay Errors: 0
	 Link 8: Recovery Errors: 0
	 Link 8: CRC Errors: 0

	 Link 9: Replay Errors: 0
	 Link 9: Recovery Errors: 0
	 Link 9: CRC Errors: 0

	 Link 10: Replay Errors: 0
	 Link 10: Recovery Errors: 0
	 Link 10: CRC Errors: 0

	 Link 11: Replay Errors: 0
	 Link 11: Recovery Errors: 0
	 Link 11: CRC Errors: 0

	 Link 12: Replay Errors: 0
	 Link 12: Recovery Errors: 0
	 Link 12: CRC Errors: 0

	 Link 13: Replay Errors: 0
	 Link 13: Recovery Errors: 0
	 Link 13: CRC Errors: 0

	 Link 14: Replay Errors: 0
	 Link 14: Recovery Errors: 0
	 Link 14: CRC Errors: 0

	 Link 15: Replay Errors: 0
	 Link 15: Recovery Errors: 0
	 Link 15: CRC Errors: 0

	 Link 16: Replay Errors: 0
	 Link 16: Recovery Errors: 0
	 Link 16: CRC Errors: 0

	 Link 17: Replay Errors: 0
	 Link 17: Recovery Errors: 0
	 Link 17: CRC Errors: 0

GPU 6: NVIDIA H200 (UUID: GPU-365d1efb-44eb-47e8-69bd-ac1c190a41d5)
	 Link 0: Replay Errors: 0
	 Link 0: Recovery Errors: 0
	 Link 0: CRC Errors: 0

	 Link 1: Replay Errors: 0
	 Link 1: Recovery Errors: 0
	 Link 1: CRC Errors: 0

	 Link 2: Replay Errors: 0
	 Link 2: Recovery Errors: 0
	 Link 2: CRC Errors: 0

	 Link 3: Replay Errors: 0
	 Link 3: Recovery Errors: 0
	 Link 3: CRC Errors: 0

	 Link 4: Replay Errors: 0
	 Link 4: Recovery Errors: 0
	 Link 4: CRC Errors: 0

	 Link 5: Replay Errors: 0
	 Link 5: Recovery Errors: 0
	 Link 5: CRC Errors: 0

	 Link 6: Replay Errors: 0
	 Link 6: Recovery Errors: 0
	 Link 6: CRC Errors: 0

	 Link 7: Replay Errors: 0
	 Link 7: Recovery Errors: 0
	 Link 7: CRC Errors: 0

	 Link 8: Replay Errors: 0
	 Link 8: Recovery Errors: 0
	 Link 8: CRC Errors: 0

	 Link 9: Replay Errors: 0
	 Link 9: Recovery Errors: 0
	 Link 9: CRC Errors: 0

	 Link 10: Replay Errors: 0
	 Link 10: Recovery Errors: 0
	 Link 10: CRC Errors: 0

	 Link 11: Replay Errors: 0
	 Link 11: Recovery Errors: 0
	 Link 11: CRC Errors: 0

	 Link 12: Replay Errors: 0
	 Link 12: Recovery Errors: 0
	 Link 12: CRC Errors: 0

	 Link 13: Replay Errors: 0
	 Link 13: Recovery Errors: 0
	 Link 13: CRC Errors: 0

	 Link 14: Replay Errors: 0
	 Link 14: Recovery Errors: 0
	 Link 14: CRC Errors: 0

	 Link 15: Replay Errors: 0
	 Link 15: Recovery Errors: 0
	 Link 15: CRC Errors: 0

	 Link 16: Replay Errors: 0
	 Link 16: Recovery Errors: 0
	 Link 16: CRC Errors: 0

	 Link 17: Replay Errors: 0
	 Link 17: Recovery Errors: 0
	 Link 17: CRC Errors: 0

GPU 7: NVIDIA H200 (UUID: GPU-346e440c-97a8-e5d6-cf92-f11aad76f31f)
	 Link 0: Replay Errors: 0
	 Link 0: Recovery Errors: 0
	 Link 0: CRC Errors: 0

	 Link 1: Replay Errors: 0
	 Link 1: Recovery Errors: 0
	 Link 1: CRC Errors: 0

	 Link 2: Replay Errors: 0
	 Link 2: Recovery Errors: 0
	 Link 2: CRC Errors: 0

	 Link 3: Replay Errors: 0
	 Link 3: Recovery Errors: 0
	 Link 3: CRC Errors: 0

	 Link 4: Replay Errors: 0
	 Link 4: Recovery Errors: 0
	 Link 4: CRC Errors: 0

	 Link 5: Replay Errors: 0
	 Link 5: Recovery Errors: 0
	 Link 5: CRC Errors: 0

	 Link 6: Replay Errors: 0
	 Link 6: Recovery Errors: 0
	 Link 6: CRC Errors: 0

	 Link 7: Replay Errors: 0
	 Link 7: Recovery Errors: 0
	 Link 7: CRC Errors: 0

	 Link 8: Replay Errors: 0
	 Link 8: Recovery Errors: 0
	 Link 8: CRC Errors: 0

	 Link 9: Replay Errors: 0
	 Link 9: Recovery Errors: 0
	 Link 9: CRC Errors: 0

	 Link 10: Replay Errors: 0
	 Link 10: Recovery Errors: 0
	 Link 10: CRC Errors: 0

	 Link 11: Replay Errors: 0
	 Link 11: Recovery Errors: 0
	 Link 11: CRC Errors: 0

	 Link 12: Replay Errors: 0
	 Link 12: Recovery Errors: 0
	 Link 12: CRC Errors: 0

	 Link 13: Replay Errors: 0
	 Link 13: Recovery Errors: 0
	 Link 13: CRC Errors: 0

	 Link 14: Replay Errors: 0
	 Link 14: Recovery Errors: 0
	 Link 14: CRC Errors: 0

	 Link 15: Replay Errors: 0
	 Link 15: Recovery Errors: 0
	 Link 15: CRC Errors: 0

	 Link 16: Replay Errors: 0
	 Link 16: Recovery Errors: 0
	 Link 16: CRC Errors: 0

	 Link 17: Replay Errors: 0
	 Link 17: Recovery Errors: 0
	 Link 17: CRC Errors: 0


=== NVLINK TOPOLOGY ===
	[4mGPU0	GPU1	GPU2	GPU3	GPU4	GPU5	GPU6	GPU7	NIC0	NIC1	NIC2	NIC3	NIC4	NIC5	NIC6	NIC7	CPU Affinity	NUMA Affinity	GPU NUMA ID[0m
GPU0	 X 	NV18	NV18	NV18	NV18	NV18	NV18	NV18	SYS	SYS	SYS	SYS	PIX	PHB	PHB	PHB	0-63	0		N/A
GPU1	NV18	 X 	NV18	NV18	NV18	NV18	NV18	NV18	SYS	SYS	SYS	SYS	PHB	PIX	PHB	PHB	0-63	0		N/A
GPU2	NV18	NV18	 X 	NV18	NV18	NV18	NV18	NV18	SYS	SYS	SYS	SYS	PHB	PHB	PIX	PHB	0-63	0		N/A
GPU3	NV18	NV18	NV18	 X 	NV18	NV18	NV18	NV18	SYS	SYS	SYS	SYS	PHB	PHB	PHB	PIX	0-63	0		N/A
GPU4	NV18	NV18	NV18	NV18	 X 	NV18	NV18	NV18	PIX	PHB	PHB	PHB	SYS	SYS	SYS	SYS	64-127	1		N/A
GPU5	NV18	NV18	NV18	NV18	NV18	 X 	NV18	NV18	PHB	PIX	PHB	PHB	SYS	SYS	SYS	SYS	64-127	1		N/A
GPU6	NV18	NV18	NV18	NV18	NV18	NV18	 X 	NV18	PHB	PHB	PIX	PHB	SYS	SYS	SYS	SYS	64-127	1		N/A
GPU7	NV18	NV18	NV18	NV18	NV18	NV18	NV18	 X 	PHB	PHB	PHB	PIX	SYS	SYS	SYS	SYS	64-127	1		N/A
NIC0	SYS	SYS	SYS	SYS	PIX	PHB	PHB	PHB	 X 	PHB	PHB	PHB	SYS	SYS	SYS	SYS				
NIC1	SYS	SYS	SYS	SYS	PHB	PIX	PHB	PHB	PHB	 X 	PHB	PHB	SYS	SYS	SYS	SYS				
NIC2	SYS	SYS	SYS	SYS	PHB	PHB	PIX	PHB	PHB	PHB	 X 	PHB	SYS	SYS	SYS	SYS				
NIC3	SYS	SYS	SYS	SYS	PHB	PHB	PHB	PIX	PHB	PHB	PHB	 X 	SYS	SYS	SYS	SYS				
NIC4	PIX	PHB	PHB	PHB	SYS	SYS	SYS	SYS	SYS	SYS	SYS	SYS	 X 	PHB	PHB	PHB				
NIC5	PHB	PIX	PHB	PHB	SYS	SYS	SYS	SYS	SYS	SYS	SYS	SYS	PHB	 X 	PHB	PHB				
NIC6	PHB	PHB	PIX	PHB	SYS	SYS	SYS	SYS	SYS	SYS	SYS	SYS	PHB	PHB	 X 	PHB				
NIC7	PHB	PHB	PHB	PIX	SYS	SYS	SYS	SYS	SYS	SYS	SYS	SYS	PHB	PHB	PHB	 X 				

Legend:

  X    = Self
  SYS  = Connection traversing PCIe as well as the SMP interconnect between NUMA nodes (e.g., QPI/UPI)
  NODE = Connection traversing PCIe as well as the interconnect between PCIe Host Bridges within a NUMA node
  PHB  = Connection traversing PCIe as well as a PCIe Host Bridge (typically the CPU)
  PXB  = Connection traversing multiple PCIe bridges (without traversing the PCIe Host Bridge)
  PIX  = Connection traversing at most a single PCIe bridge
  NV#  = Connection traversing a bonded set of # NVLinks

NIC Legend:

  NIC0: mlx5_0
  NIC1: mlx5_1
  NIC2: mlx5_2
  NIC3: mlx5_3
  NIC4: mlx5_4
  NIC5: mlx5_5
  NIC6: mlx5_6
  NIC7: mlx5_7


=== INFINIBAND ===
CA 'mlx5_0'
	CA type: MT4126
		State: Active
		Rate: 400
		Port GUID: 0x020129bcae8c026d
CA 'mlx5_1'
	CA type: MT4126
		State: Active
		Rate: 400
		Port GUID: 0x020129bcae8c026e
CA 'mlx5_2'
	CA type: MT4126
		State: Active
		Rate: 400
		Port GUID: 0x020129bcae8c026f
CA 'mlx5_3'
	CA type: MT4126
		State: Active
		Rate: 400
		Port GUID: 0x020129bcae8c0270
CA 'mlx5_4'
	CA type: MT4126
		State: Active
		Rate: 400
		Port GUID: 0x020129bcae8c0269
CA 'mlx5_5'
	CA type: MT4126
		State: Active
		Rate: 400
		Port GUID: 0x020129bcae8c026a
CA 'mlx5_6'
	CA type: MT4126
		State: Active
		Rate: 400
		Port GUID: 0x020129bcae8c026b
CA 'mlx5_7'
	CA type: MT4126
		State: Active
		Rate: 400
		Port GUID: 0x020129bcae8c026c

=== IB COUNTERS ===
--- mlx5_0 ---
0
0
--- mlx5_1 ---
0
0
--- mlx5_2 ---
0
0
--- mlx5_3 ---
0
0
--- mlx5_4 ---
0
0
--- mlx5_5 ---
0
0
--- mlx5_6 ---
0
0
--- mlx5_7 ---
0
0

=== CUDA ===
nvcc not in PATH
{
   "cuda" : {
      "name" : "CUDA SDK",
      "version" : "12.4.1"
   },
   "cuda_cccl" : {
      "name" : "CUDA C++ Core Compute Libraries",
      "version" : "12.4.127"
   },
   "cuda_cudart" : {
      "name" : "CUDA Runtime (cudart)",
      "version" : "12.4.127"
   },
   "cuda_cuobjdump" : {
      "name" : "cuobjdump",
      "version" : "12.4.127"
   },
   "cuda_cupti" : {
      "name" : "CUPTI",
      "version" : "12.4.127"
   },
   "cuda_cuxxfilt" : {
      "name" : "CUDA cu++ filt",
      "version" : "12.4.127"
   },
   "cuda_demo_suite" : {
      "name" : "CUDA Demo Suite",
      "version" : "12.4.127"
   },
   "cuda_gdb" : {
      "name" : "CUDA GDB",
      "version" : "12.4.127"
   },
   "cuda_nsight" : {
      "name" : "Nsight Eclipse Plugins",
      "version" : "12.4.127"
   },
   "cuda_nvcc" : {
      "name" : "CUDA NVCC",
      "version" : "12.4.131"
   },
   "cuda_nvdisasm" : {
      "name" : "CUDA nvdisasm",
      "version" : "12.4.127"
   },
   "cuda_nvml_dev" : {
      "name" : "CUDA NVML Headers",
      "version" : "12.4.127"
   },
   "cuda_nvprof" : {
      "name" : "CUDA nvprof",
      "version" : "12.4.127"
   },
   "cuda_nvprune" : {
      "name" : "CUDA nvprune",
      "version" : "12.4.127"
   },
   "cuda_nvrtc" : {
      "name" : "CUDA NVRTC",
      "version" : "12.4.127"
   },
   "cuda_nvtx" : {
      "name" : "CUDA NVTX",
      "version" : "12.4.127"
   },
   "cuda_nvvp" : {
      "name" : "CUDA NVVP",
      "version" : "12.4.127"
   },
   "cuda_opencl" : {
      "name" : "CUDA OpenCL",
      "version" : "12.4.127"
   },
   "cuda_sanitizer_api" : {
      "name" : "CUDA Compute Sanitizer API",
      "version" : "12.4.127"
   },
   "fabricmanager" : {
      "name" : "Fabric Manager",
      "version" : "550.54.15"
   },
   "imex" : {
      "name" : "Mapping GPU memory over NVLink",
      "version" : "550.54.15"
   },
   "libcublas" : {
      "name" : "CUDA cuBLAS",
      "version" : "12.4.5.8"
   },
   "libcufft" : {
      "name" : "CUDA cuFFT",
      "version" : "11.2.1.3"
   },
   "libcufile" : {
      "name" : "GPUDirect Storage (cufile)",
      "version" : "1.9.1.3"
   },
   "libcurand" : {
      "name" : "CUDA cuRAND",
      "version" : "10.3.5.147"
   },
   "libcusolver" : {
      "name" : "CUDA cuSOLVER",
      "version" : "11.6.1.9"
   },
   "libcusparse" : {
      "name" : "CUDA cuSPARSE",
      "version" : "12.3.1.170"
   },
   "libnpp" : {
      "name" : "CUDA NPP",
      "version" : "12.2.5.30"
   },
   "libnvfatbin" : {
      "name" : "Fatbin interaction library",
      "version" : "12.4.127"
   },
   "libnvidia_nscq" : {
      "name" : "NvSwitch Library",
      "version" : "550.54.15"
   },
   "libnvjitlink" : {
      "name" : "JIT Linker Library",
      "version" : "12.4.127"
   },
   "libnvjpeg" : {
      "name" : "CUDA nvJPEG",
      "version" : "12.3.1.117"
   },
   "nsight_compute" : {
      "name" : "Nsight Compute",
      "version" : "2024.1.1.4"
   },
   "nsight_systems" : {
      "name" : "Nsight Systems",
      "version" : "2023.4.4.54"
   },
   "nvidia_driver" : {
      "name" : "NVIDIA Linux Driver",
      "version" : "550.54.15"
   },
   "nvidia_fs" : {
      "name" : "NVIDIA file-system",
      "version" : "2.19.7"
   }
}
{
   "cuda" : {
      "name" : "CUDA SDK",
      "version" : "12.4.1"
   },
   "cuda_cccl" : {
      "name" : "CUDA C++ Core Compute Libraries",
      "version" : "12.4.127"
   },
   "cuda_cudart" : {
      "name" : "CUDA Runtime (cudart)",
      "version" : "12.4.127"
   },
   "cuda_cuobjdump" : {
      "name" : "cuobjdump",
      "version" : "12.4.127"
   },
   "cuda_cupti" : {
      "name" : "CUPTI",
      "version" : "12.4.127"
   },
   "cuda_cuxxfilt" : {
      "name" : "CUDA cu++ filt",
      "version" : "12.4.127"
   },
   "cuda_demo_suite" : {
      "name" : "CUDA Demo Suite",
      "version" : "12.4.127"
   },
   "cuda_gdb" : {
      "name" : "CUDA GDB",
      "version" : "12.4.127"
   },
   "cuda_nsight" : {
      "name" : "Nsight Eclipse Plugins",
      "version" : "12.4.127"
   },
   "cuda_nvcc" : {
      "name" : "CUDA NVCC",
      "version" : "12.4.131"
   },
   "cuda_nvdisasm" : {
      "name" : "CUDA nvdisasm",
      "version" : "12.4.127"
   },
   "cuda_nvml_dev" : {
      "name" : "CUDA NVML Headers",
      "version" : "12.4.127"
   },
   "cuda_nvprof" : {
      "name" : "CUDA nvprof",
      "version" : "12.4.127"
   },
   "cuda_nvprune" : {
      "name" : "CUDA nvprune",
      "version" : "12.4.127"
   },
   "cuda_nvrtc" : {
      "name" : "CUDA NVRTC",
      "version" : "12.4.127"
   },
   "cuda_nvtx" : {
      "name" : "CUDA NVTX",
      "version" : "12.4.127"
   },
   "cuda_nvvp" : {
      "name" : "CUDA NVVP",
      "version" : "12.4.127"
   },
   "cuda_opencl" : {
      "name" : "CUDA OpenCL",
      "version" : "12.4.127"
   },
   "cuda_sanitizer_api" : {
      "name" : "CUDA Compute Sanitizer API",
      "version" : "12.4.127"
   },
   "fabricmanager" : {
      "name" : "Fabric Manager",
      "version" : "550.54.15"
   },
   "imex" : {
      "name" : "Mapping GPU memory over NVLink",
      "version" : "550.54.15"
   },
   "libcublas" : {
      "name" : "CUDA cuBLAS",
      "version" : "12.4.5.8"
   },
   "libcufft" : {
      "name" : "CUDA cuFFT",
      "version" : "11.2.1.3"
   },
   "libcufile" : {
      "name" : "GPUDirect Storage (cufile)",
      "version" : "1.9.1.3"
   },
   "libcurand" : {
      "name" : "CUDA cuRAND",
      "version" : "10.3.5.147"
   },
   "libcusolver" : {
      "name" : "CUDA cuSOLVER",
      "version" : "11.6.1.9"
   },
   "libcusparse" : {
      "name" : "CUDA cuSPARSE",
      "version" : "12.3.1.170"
   },
   "libnpp" : {
      "name" : "CUDA NPP",
      "version" : "12.2.5.30"
   },
   "libnvfatbin" : {
      "name" : "Fatbin interaction library",
      "version" : "12.4.127"
   },
   "libnvidia_nscq" : {
      "name" : "NvSwitch Library",
      "version" : "550.54.15"
   },
   "libnvjitlink" : {
      "name" : "JIT Linker Library",
      "version" : "12.4.127"
   },
   "libnvjpeg" : {
      "name" : "CUDA nvJPEG",
      "version" : "12.3.1.117"
   },
   "nsight_compute" : {
      "name" : "Nsight Compute",
      "version" : "2024.1.1.4"
   },
   "nsight_systems" : {
      "name" : "Nsight Systems",
      "version" : "2023.4.4.54"
   },
   "nvidia_driver" : {
      "name" : "NVIDIA Linux Driver",
      "version" : "550.54.15"
   },
   "nvidia_fs" : {
      "name" : "NVIDIA file-system",
      "version" : "2.19.7"
   }
}
{
   "cuda" : {
      "name" : "CUDA SDK",
      "version" : "12.4.1"
   },
   "cuda_cccl" : {
      "name" : "CUDA C++ Core Compute Libraries",
      "version" : "12.4.127"
   },
   "cuda_cudart" : {
      "name" : "CUDA Runtime (cudart)",
      "version" : "12.4.127"
   },
   "cuda_cuobjdump" : {
      "name" : "cuobjdump",
      "version" : "12.4.127"
   },
   "cuda_cupti" : {
      "name" : "CUPTI",
      "version" : "12.4.127"
   },
   "cuda_cuxxfilt" : {
      "name" : "CUDA cu++ filt",
      "version" : "12.4.127"
   },
   "cuda_demo_suite" : {
      "name" : "CUDA Demo Suite",
      "version" : "12.4.127"
   },
   "cuda_gdb" : {
      "name" : "CUDA GDB",
      "version" : "12.4.127"
   },
   "cuda_nsight" : {
      "name" : "Nsight Eclipse Plugins",
      "version" : "12.4.127"
   },
   "cuda_nvcc" : {
      "name" : "CUDA NVCC",
      "version" : "12.4.131"
   },
   "cuda_nvdisasm" : {
      "name" : "CUDA nvdisasm",
      "version" : "12.4.127"
   },
   "cuda_nvml_dev" : {
      "name" : "CUDA NVML Headers",
      "version" : "12.4.127"
   },
   "cuda_nvprof" : {
      "name" : "CUDA nvprof",
      "version" : "12.4.127"
   },
   "cuda_nvprune" : {
      "name" : "CUDA nvprune",
      "version" : "12.4.127"
   },
   "cuda_nvrtc" : {
      "name" : "CUDA NVRTC",
      "version" : "12.4.127"
   },
   "cuda_nvtx" : {
      "name" : "CUDA NVTX",
      "version" : "12.4.127"
   },
   "cuda_nvvp" : {
      "name" : "CUDA NVVP",
      "version" : "12.4.127"
   },
   "cuda_opencl" : {
      "name" : "CUDA OpenCL",
      "version" : "12.4.127"
   },
   "cuda_sanitizer_api" : {
      "name" : "CUDA Compute Sanitizer API",
      "version" : "12.4.127"
   },
   "fabricmanager" : {
      "name" : "Fabric Manager",
      "version" : "550.54.15"
   },
   "imex" : {
      "name" : "Mapping GPU memory over NVLink",
      "version" : "550.54.15"
   },
   "libcublas" : {
      "name" : "CUDA cuBLAS",
      "version" : "12.4.5.8"
   },
   "libcufft" : {
      "name" : "CUDA cuFFT",
      "version" : "11.2.1.3"
   },
   "libcufile" : {
      "name" : "GPUDirect Storage (cufile)",
      "version" : "1.9.1.3"
   },
   "libcurand" : {
      "name" : "CUDA cuRAND",
      "version" : "10.3.5.147"
   },
   "libcusolver" : {
      "name" : "CUDA cuSOLVER",
      "version" : "11.6.1.9"
   },
   "libcusparse" : {
      "name" : "CUDA cuSPARSE",
      "version" : "12.3.1.170"
   },
   "libnpp" : {
      "name" : "CUDA NPP",
      "version" : "12.2.5.30"
   },
   "libnvfatbin" : {
      "name" : "Fatbin interaction library",
      "version" : "12.4.127"
   },
   "libnvidia_nscq" : {
      "name" : "NvSwitch Library",
      "version" : "550.54.15"
   },
   "libnvjitlink" : {
      "name" : "JIT Linker Library",
      "version" : "12.4.127"
   },
   "libnvjpeg" : {
      "name" : "CUDA nvJPEG",
      "version" : "12.3.1.117"
   },
   "nsight_compute" : {
      "name" : "Nsight Compute",
      "version" : "2024.1.1.4"
   },
   "nsight_systems" : {
      "name" : "Nsight Systems",
      "version" : "2023.4.4.54"
   },
   "nvidia_driver" : {
      "name" : "NVIDIA Linux Driver",
      "version" : "550.54.15"
   },
   "nvidia_fs" : {
      "name" : "NVIDIA file-system",
      "version" : "2.19.7"
   }
}

=== NCCL ===
ii  libnccl-dev                            2.23.4-1+cuda12.4                          amd64        NVIDIA Collective Communication Library (NCCL) Development Files
ii  libnccl2                               2.23.4-1+cuda12.4                          amd64        NVIDIA Collective Communication Library (NCCL) Runtime
/var/lib/dpkg/info/libnccl-dev.md5sums
/var/lib/dpkg/info/libnccl2.triggers
/var/lib/dpkg/info/libnccl-dev.list
/var/lib/dpkg/info/libnccl2.list
/var/lib/dpkg/info/libnccl2.shlibs

=== DCGM DIAGNOSTICS ===
Running Level 1 diagnostics...
Successfully ran diagnostic for group.
+---------------------------+------------------------------------------------+
| Diagnostic                | Result                                         |
+===========================+================================================+
|-----  Metadata  ----------+------------------------------------------------|
| DCGM Version              | 3.3.9                                          |
| Driver Version Detected   | 550.163.01                                     |
| GPU Device IDs Detected   | 2335,2335,2335,2335,2335,2335,2335,2335        |
|-----  Deployment  --------+------------------------------------------------|
| Denylist                  | Pass                                           |
| NVML Library              | Pass                                           |
| CUDA Main Library         | Pass                                           |
| Permissions and OS Blocks | Pass                                           |
| Persistence Mode          | Pass                                           |
| Environment Variables     | Pass                                           |
| Page Retirement/Row Remap | Pass                                           |
| Graphics Processes        | Pass                                           |
| Inforom                   | Pass                                           |
+---------------------------+------------------------------------------------+

=== STORAGE ===
Filesystem      Size  Used Avail Use% Mounted on
/dev/vda1       194G   16G  179G   8% /
cloud-metadata 1008G   20K 1008G   1% /mnt/cloud-metadata
/dev/vda15      105M  6.1M   99M   6% /boot/efi

--- Disk Performance (quick 4k random read) ---
fio not installed

=== NETWORK ===
1: lo: <LOOPBACK,UP,LOWER_UP> mtu 65536 qdisc noqueue state UNKNOWN group default qlen 1000
2: eth0: <BROADCAST,MULTICAST,UP,LOWER_UP> mtu 1450 qdisc mq state UP group default qlen 1000
    inet 10.0.0.39/32 metric 100 scope global dynamic eth0
3: ibp170s0: <BROADCAST,MULTICAST> mtu 4092 qdisc noop state DOWN group default qlen 256
4: ibp174s0: <BROADCAST,MULTICAST> mtu 4092 qdisc noop state DOWN group default qlen 256
5: ibp178s0: <BROADCAST,MULTICAST> mtu 4092 qdisc noop state DOWN group default qlen 256
6: ibp182s0: <BROADCAST,MULTICAST> mtu 4092 qdisc noop state DOWN group default qlen 256
7: ibp140s0: <BROADCAST,MULTICAST> mtu 4092 qdisc noop state DOWN group default qlen 256
8: ibp144s0: <BROADCAST,MULTICAST> mtu 4092 qdisc noop state DOWN group default qlen 256
9: ibp148s0: <BROADCAST,MULTICAST> mtu 4092 qdisc noop state DOWN group default qlen 256
10: ibp152s0: <BROADCAST,MULTICAST> mtu 4092 qdisc noop state DOWN group default qlen 256
11: docker0: <NO-CARRIER,BROADCAST,MULTICAST,UP> mtu 1500 qdisc noqueue state DOWN group default 
    inet 172.17.0.1/16 brd 172.17.255.255 scope global docker0

============================================
  POST COMPLETE: computeinstance-e00j6d8xr8ma3pb4bj
  2026-04-02 06:25:37 UTC
============================================
